<?xml version="1.0" encoding="UTF-8"?>
<!-- Generated by org.testng.reporters.JUnitXMLReporter -->
<testsuite ignored="0" hostname="DESKTOP-B3D3UMU" failures="0" tests="4" name="Test" time="70.108" errors="0" timestamp="2020-05-02T14:21:58 BST">
  <testcase classname="com.amazon.onlineshopping.ElectronicsPageTest" name="testElectronicsPageSearch" time="12.207"/>
  <testcase classname="com.amazon.onlineshopping.ElectronicsPageTest" name="testElectronicsPageTitle" time="10.284"/>
  <testcase classname="com.amazon.onlineshopping.BooksPageTest" name="testBooksPageSearch" time="10.773"/>
  <testcase classname="com.amazon.onlineshopping.BooksPageTest" name="testBooksPageTitle" time="11.25"/>
</testsuite> <!-- Test -->
