<?xml version="1.0" encoding="UTF-8"?>
<testng-results ignored="0" total="1" passed="1" failed="0" skipped="0">
  <reporter-output>
  </reporter-output>
  <suite started-at="2020-05-02T16:17:46 BST" name="Default suite" finished-at="2020-05-02T16:18:41 BST" duration-ms="55730">
    <groups>
    </groups>
    <test started-at="2020-05-02T16:17:46 BST" name="Default test" finished-at="2020-05-02T16:18:41 BST" duration-ms="55730">
      <class name="CalculatorTest">
        <test-method is-config="true" signature="BaseTest()[pri:0, instance:CalculatorTest@2118cddf]" started-at="2020-05-02T16:17:46 BST" name="BaseTest" finished-at="2020-05-02T16:18:21 BST" duration-ms="35611" status="PASS">
          <reporter-output>
          </reporter-output>
        </test-method> <!-- BaseTest -->
        <test-method signature="TestAddition()[pri:0, instance:CalculatorTest@2118cddf]" started-at="2020-05-02T16:18:21 BST" name="TestAddition" finished-at="2020-05-02T16:18:40 BST" duration-ms="18402" status="PASS">
          <reporter-output>
          </reporter-output>
        </test-method> <!-- TestAddition -->
        <test-method is-config="true" signature="afterClass()[pri:0, instance:CalculatorTest@2118cddf]" started-at="2020-05-02T16:18:40 BST" name="afterClass" finished-at="2020-05-02T16:18:41 BST" duration-ms="1537" status="PASS">
          <reporter-output>
          </reporter-output>
        </test-method> <!-- afterClass -->
      </class> <!-- CalculatorTest -->
    </test> <!-- Default test -->
  </suite> <!-- Default suite -->
</testng-results>
