<?xml version="1.0" encoding="UTF-8"?>
<!-- Generated by org.testng.reporters.JUnitXMLReporter -->
<testsuite ignored="0" hostname="DESKTOP-B3D3UMU" failures="0" tests="2" name="Default test" time="70.314" errors="0" timestamp="2020-05-02T13:46:45 BST">
  <testcase classname="com.amazon.onlineshopping.ElectronicsPageTest" name="testElectronicsPageSearch" time="35.467"/>
  <testcase classname="com.amazon.onlineshopping.ElectronicsPageTest" name="testElectronicsPageTitle" time="13.731"/>
</testsuite> <!-- Default test -->
