<?xml version="1.0" encoding="UTF-8"?>
<testng-results ignored="0" total="4" passed="4" failed="0" skipped="0">
  <reporter-output>
  </reporter-output>
  <suite started-at="2020-05-02T14:20:48 BST" name="Suite" finished-at="2020-05-02T14:21:58 BST" duration-ms="70108">
    <groups>
    </groups>
    <test started-at="2020-05-02T14:20:48 BST" name="Test" finished-at="2020-05-02T14:21:58 BST" duration-ms="70108">
      <class name="com.amazon.onlineshopping.BooksPageTest">
        <test-method is-config="true" signature="intiDriver()[pri:0, instance:com.amazon.onlineshopping.BooksPageTest@236e3f4e]" started-at="2020-05-02T14:20:48 BST" name="intiDriver" finished-at="2020-05-02T14:21:01 BST" duration-ms="13024" status="PASS">
          <reporter-output>
          </reporter-output>
        </test-method> <!-- intiDriver -->
        <test-method signature="testBooksPageSearch()[pri:0, instance:com.amazon.onlineshopping.BooksPageTest@236e3f4e]" started-at="2020-05-02T14:21:34 BST" name="testBooksPageSearch" finished-at="2020-05-02T14:21:45 BST" duration-ms="10773" status="PASS">
          <reporter-output>
          </reporter-output>
        </test-method> <!-- testBooksPageSearch -->
        <test-method signature="testBooksPageTitle()[pri:0, instance:com.amazon.onlineshopping.BooksPageTest@236e3f4e]" started-at="2020-05-02T14:21:45 BST" name="testBooksPageTitle" finished-at="2020-05-02T14:21:56 BST" duration-ms="11250" status="PASS">
          <reporter-output>
          </reporter-output>
        </test-method> <!-- testBooksPageTitle -->
        <test-method is-config="true" signature="quitDriver()[pri:0, instance:com.amazon.onlineshopping.BooksPageTest@236e3f4e]" started-at="2020-05-02T14:21:56 BST" name="quitDriver" finished-at="2020-05-02T14:21:57 BST" duration-ms="798" status="PASS">
          <reporter-output>
          </reporter-output>
        </test-method> <!-- quitDriver -->
      </class> <!-- com.amazon.onlineshopping.BooksPageTest -->
      <class name="com.amazon.onlineshopping.ElectronicsPageTest">
        <test-method is-config="true" signature="intiDriver()[pri:0, instance:com.amazon.onlineshopping.ElectronicsPageTest@71c3b41]" started-at="2020-05-02T14:21:01 BST" name="intiDriver" finished-at="2020-05-02T14:21:11 BST" duration-ms="10835" status="PASS">
          <reporter-output>
          </reporter-output>
        </test-method> <!-- intiDriver -->
        <test-method signature="testElectronicsPageSearch()[pri:0, instance:com.amazon.onlineshopping.ElectronicsPageTest@71c3b41]" started-at="2020-05-02T14:21:11 BST" name="testElectronicsPageSearch" finished-at="2020-05-02T14:21:24 BST" duration-ms="12207" status="PASS">
          <reporter-output>
          </reporter-output>
        </test-method> <!-- testElectronicsPageSearch -->
        <test-method signature="testElectronicsPageTitle()[pri:0, instance:com.amazon.onlineshopping.ElectronicsPageTest@71c3b41]" started-at="2020-05-02T14:21:24 BST" name="testElectronicsPageTitle" finished-at="2020-05-02T14:21:34 BST" duration-ms="10284" status="PASS">
          <reporter-output>
          </reporter-output>
        </test-method> <!-- testElectronicsPageTitle -->
        <test-method is-config="true" signature="quitDriver()[pri:0, instance:com.amazon.onlineshopping.ElectronicsPageTest@71c3b41]" started-at="2020-05-02T14:21:57 BST" name="quitDriver" finished-at="2020-05-02T14:21:58 BST" duration-ms="855" status="PASS">
          <reporter-output>
          </reporter-output>
        </test-method> <!-- quitDriver -->
      </class> <!-- com.amazon.onlineshopping.ElectronicsPageTest -->
    </test> <!-- Test -->
  </suite> <!-- Suite -->
</testng-results>
